<?xml version="1.0" encoding="UTF-8"?>
<testsuites>
  <testsuite name="CLI Arguments" tests="1" assertions="2" errors="0" failures="0" skipped="0" time="8.282707">
    <testsuite name="Tests\Feature\Controller\OrganisationsTest" file="/opt/project/tests/Feature/Controller/OrganisationsTest.php" tests="1" assertions="2" errors="0" failures="0" skipped="0" time="8.282707">
      <testcase name="test_organisation_controller_cant_add_second_owner" file="/opt/project/tests/Feature/Controller/OrganisationsTest.php" line="351" class="Tests\Feature\Controller\OrganisationsTest" classname="Tests.Feature.Controller.OrganisationsTest" assertions="2" time="8.282707"/>
    </testsuite>
  </testsuite>
</testsuites>
